RRRRRRRRRRRRRRRPPRRRRRSSSSSSSSPS
PRSSSSSSSSSSSSSSSSSPPPPPPPPPPPPS
RRRRRRRRRRRRRRRPRRRRRRRPRRRPPPSS
PRRRSSSSSSSSSSSSSSSSSSSSSSSSPPPS
RRRRRRRRRRRRRRRPRRRRRRRPPRRSSPPS
PRRRRRRSSSSSSSSSSSSSSSSSSPPPPPPS
RRRRRRRRRRRRRRRPRRRRRRRPRRRPPSSS
RRRRRRRRRRRRRRRPPRSSSSSPPPPPPPPS
RRRRRRRRRRRRRRRPPRSSSSSSSPPPPPPS
RRRRRRRRRRRRRRRPPRRRRRRSSPPPPPPS
PRSSSSSSSSSSSSSPPPPPPPPPPPPPPPPS
PRRRSSSSSSSSSSSSSSSSSSSSSSSPPPPS
PRRRRRRRRSSSSSSSSSSSSSSSSSSSSSSS
RRRRRRRRRRRRRRRPPRRRRSSPPPPPPPPS
RRRRRRRRRRRRRRRPRRRRRRRPRRRPRPSS
PRRRRRRRRRSSSSSSSSSPPPPPPPPPPPPS
PRRRRRRRRRRRSSSSSSSSSSSSSSSSSSSS
PRRRRRRRRRRRSPPPPPPPPPPPPPPPPPPS
PRRRSSSSSSSSSSSSSSSSPPPPPPPPPPPS
RRRRRRRRRRRRRRRPRRRRRRRPPRRSSSPS
PRRRRRRRRRRSSSPPPPPPPPPPPPPPPPPS
RRRRRRRRRRRRRRRPPRRSSSSSSSSSPPPS
RRRRRRRRRRRRRRRPPRRRRSSSSSSSSSPS
PRRRRRRRRRRRRPPPPPPPPPPPPPPPPPPS
RRRRRRRRRRRRRRRPPRRSPPPPPPPPPPPS
RRRRRRRRRRRRRRRPRRRRRRRPPRSSSSSS
PRRRRRRRRRRRRRRSSSPPPPPPPPPPPPPS
RRRRRRRRRRRRRRRPPRRRRRRPPPPPPPPS
PRRRRRRRRRRRSSSSSPPPPPPPPPPPPPPS
PRRRRRRRRRRRRRRSSSSSSSSSSPPPPPPS
RRRRRRRRRRRRRRRPPRSSSSSSSSSSPPPS
RRRRRRRRRRRRRRRPPRRRRRSSSSSSPPPS
PRRRRRRRRRSSSSSSSSSSSSSSSPPPPPPS
RRRRRRRRRRRRRRRPPRRRRSSSSSSSSSPS
RRRRRRRRRRRRRRRPPPPPPPPPPPPPPSSS
PRRRRRSSSSPPPPPPPPPPPPPPPPPPPPPS
PRRRRRSSSSSSSSSPPPPPPPPPPPPPPPPS
PRRRRRRRRRRPPPPPPPPPPPPPPPPPPPPS
RRRRRRRRRRRRRRRPPRSSPPPPPPPPPPPS
RRRRRRRRRRRRRRRPPRRRRSSSSSSSSSPS
RRRRRRRRRRRRRRRPSSSSSSSSSSSSSSSS
PRRRRRRRRRRRPPPPPPPPPPPPPPPPPPPS
RRRRRRRRRRRRRRRPPRRRRSSSSSSSPPPS
RRRRRRRRRRRRRRRPPRSSSSSSSSSSSPPS
RRRRRRRRRRRRRRRPPRRRRRRSSSSPPPPS
RRRRRRRRRRRRRRRPPRRRRRSSSSSSSSSS
RRRRRRRRRRRRRRRPPPPPSSSSSSSSSSSS
PRRSSSSSSSSSPPPPPPPPPPPPPPPPPPPS
PRRRRRRRRRRRRRSSSSSSSSSSSSSSSPPS
RRRRRRRRRRRRRRRPPRRRRRSSPPPPPPPS