RRRRRRRRRRRRRRRPPRRSSSSSSSSPPPPS
PRRRRRRRRRRRRSSSSSSSSSSSPPPPPPPS
RRRRRRRRRRRRRRRPPRRRRRSSSSSSSSSS
RRRRRRRRRRRRRRRPRRRRRRRPPPPPPPPS
RRRRRRRRRRRRRRRPPRRSSSSSSPPPPPPS
RRRRRRRRRRRRRRRPPRRRRRSSPPPPPPPS
RRRRRRRRRRRRRRRPRRRRRRRPRRRPPPPS
PRRSSSSSSSSSSSSPPPPPPPPPPPPPPPPS
RRRRRRRRRRRRRRRPPRRRRRSPPPPPPPPS
RRRRRRRRRRRRRRRPPRRRSSSSSSPPPPPS
RRRRRRRRRRRRRRRPPRRSSSSSSSSSSSPS
PRRRRRRRRRRRSSSSSSPPPPPPPPPPPPPS
PRRRRRRRRRRRRSSSSSPPPPPPPPPPPPPS
RRRRRRRRRRRRRRRPRRRRRRRPPRRSSSSS
RRRRRRRRRRRRRRRPRRRRRRRPRRRPRPPS
RRRRRRRRRRRRRRRPPRRSSSSSSPPPPPPS
RRRRRRRRRRRRRRRPPRRRRSSSSSSSSSSS
RRRRRRRRRRRRRRRPRRRRRRRPPRRSSSSS
RRRRRRRRRRRRRRRPRRRRRRRPPRPPPPPS
RRRRRRRRRRRRRRRPRRRRRRRPPRSSPPPS
PRRRRRSSSSSSSSSSSSSSSPPPPPPPPPPS
RRRRRRRRRRRRRRRPRRRRRRRPPPPSSSSS
PRRRRRRRRRSSSSSSSSSSSSSSPPPPPPPS
RRRRRRRRRRRRRRRPRRRRRRRPPPPPPPSS
PRRRRRRRRRRRSSSSSSSSSSSSPPPPPPPS
RRRRRRRRRRRRRRRPPRRRSSSSSSSSPPPS
PRRRRRRRRRRSSSSSSSSSSSSSPPPPPPPS
PRRRSSSSSSSSSSSSSSSSSSPPPPPPPPPS
RRRRRRRRRRRRRRRPPRRSSSSSSSSSSSPS
RRRRRRRRRRRRRRRPPRRRRRRSSSSSSPPS
PRRRRRSSSSSSSSSSSSSSSSSSSSPPPPPS
RRRRRRRRRRRRRRRPRRRRRRRPSSSSSSSS
RRRRRRRRRRRRRRRPPRRSSSSSSSSSSPPS
PRRRRRRRRRRRRRRSSSSSSSSPPPPPPPPS
PRPPPPPPPPPPPPPPPPPPPPPPPPPPPPPS
RRRRRRRRRRRRRRRPRRRRRRRPPRRSPPPS
PRRRRRSSSSSSSSSSSSSSSSSSSSSSSSSS
PRRSSSSSSSSSSSSSSSSSSSSPPPPPPPPS
RRRRRRRRRRRRRRRPPRRSSSSSSSSSPPPS
RRRRRRRRRRRRRRRPRRRRRRRPPRSPPPPS
RRRRRRRRRRRRRRRPPPPPPPPPPPPPPSSS
PRRRRRRRSSSSSSSSSSPPPPPPPPPPPPPS
RRRRRRRRRRRRRRRPPRRRRRPPPPPPPPPS
PRRRRRRRRRRRSSSSSPPPPPPPPPPPPPPS
RRRRRRRRRRRRRRRPPRRRRRSSSSSSSSPS
RRRRRRRRRRRRRRRPRRRRRRRPPRSSSSSS
PRRRRRRRRRRSSSSSSSSSSSSSSSSSSSPS
RRRRRRRRRRRRRRRPRRRRRRRPPRSSPPPS
PRSSSSSSSSSSSSSSSSSSSSSSSSSPPPPS
RRRRRRRRRRRRRRRPRRRRRRRPSSSSSSSS