RRRPRRRPRPRSPPSSSSSSSSSSSSSSSSSS
RRRPRRRPRRRPRRRPRRRPRRRPRRRPPSSS
RRRPRRRPRRRPRRRPRRRPPPPPPPPPPPPS
RRRPRRRPRRRPRRRPRPPPPSSSSSSSSSSS
RRRPRRRPRPRSPPPPPPPPPPPPPPPPPPSS
RPRSPPPPPPPPSSSSSSSSSSSSSSSSSSSS
RRRPRRRPRRRPRRRPRRRPRRRPRRRPPSSS
RRRPRRRPRRRPRRRPRRRPRRRPPSSSSSSS
RRRPRRRPPPPPPPPPPPSSSSSSSSSSSSSS
RRRPRRRPRRRPRRRPRRRPPPPSSSSSSSSS
RRRPPPPPPPPPPPPPPPPPPPPPPPPPPPSS
RRRPRRRPRRRPRRRPRRRPRRRPRRRPPSSS
RRRPRRRPRPRSPSSSSSSSSSSSSSSSSSSS
RRRPRRRPRRRPRRRPRPPSSSSSSSSSSSSS
RRRPRRRPRRRPRRRPRRRPRRRPRPRSPPSS
RRRPRRRPRRRPRRRPRRRPPPPPPPPPPPSS
RRRPRRRPRRRPRPRSSSSSSSSSSSSSSSSS
RRRPPPPPPPPPPPPPPPPPPPPPPPSSSSSS
RRRPRRRPRRRPRRRPRRRPPPPPPPPPPPPS
RRRPRRRPRRRPRRRPRRRPRRRPRRRPRPPS
RRRPRRRPPPPPPSSSSSSSSSSSSSSSSSSS
RRRPRPRSPPPPPPPPPPPPPPPPPSSSSSSS
RPPPPPPPPPSSSSSSSSSSSSSSSSSSSSSS
RRRPRRRPRRRPRRRPRRRPRRRPPPPPSSSS
RRRPRRRPRRRPRRRPRRRPPPSSSSSSSSSS
RRRPRPRSPPPPSSSSSSSSSSSSSSSSSSSS
RRRPRRRPRRRPRRRPRPRSPPPSSSSSSSSS
RRRPRPRSPPPPPPPPPPSSSSSSSSSSSSSS
RRRPRRRPRRRPRRRPRPPPPPSSSSSSSSSS
RRRPRRRPRRRPRRRPRRRPRRRPRPRSPPPS
RRRPRRRPPPPPPPPSSSSSSSSSSSSSSSSS
RRRPRPPPPPPPPPPPPPPPPPPSSSSSSSSS
RRRPPPPPPPSSSSSSSSSSSSSSSSSSSSSS
RRRPRRRPRRRPRRRPRRRPRPRSPPPPPPSS
RRRPRRRPRPPPPPPSSSSSSSSSSSSSSSSS
RRRPPPPPPPPPPPPPPPPPPPPPPPPPPSSS
RRRPRPRSPPPPPPPPPPPPPPPPPSSSSSSS
RRRPRRRPRPRPPPPPPPPPPPPPPPPPPPPS
RRRPRRRPRRRPRRRPRRRPRPPPPSSSSSSS
RRRPPPPPPPPPPPPPPPPPPPPPPPPPSSSS
RRRPRRRPRRRPRRRPRPPPPPSSSSSSSSSS
RRRPRRRPRRRPRRRPRRRPRRRPRPPPPSSS
RRRPRRRPRRRPRPRSPPPPPPPPPPSSSSSS
RPRSPPPPPPPPPPPPPPPPPSSSSSSSSSSS
RPPPPPPPPSSSSSSSSSSSSSSSSSSSSSSS
RRRPRRRPRRRPRRRPPPPPPPPSSSSSSSSS
RPPPPPPPPPPPPPPPPPPPPPPPPSSSSSSS
RRRPRRRPPPPPPPPPPPPPPPPPPPPPSSSS
RRRPRRRPRRRPRRRPRRRPRRRPRPPPSSSS
RPRSPPPPPPPPPPPPPPPPPPPPPPPSSSSS