RRRPRRRPRRRPRRRPRRRPRRRPRPSSSSSS
RRRPRRRPRRRPRRRPRRRPRRRPRRRPRPPS
RRRPRRRPRRRPRRRPRRRPRRRPRPRSSSSS
RRRPRRRPRRRPRRRPRRRPRRRPPPPPPPPS
RRRPRRRPRRRPRRRPRPPPPPPPPPPPPPSS
RRRPRRRPRRRPRRRPRRRPRRRPRRRPRPPS
RRRPRRRPRRRPRPRSPPPPPPPSSSSSSSSS
RPRSPPPPPPPPPPPPPPPPSSSSSSSSSSSS
RPRSPPPPPPPPPPPPPPPSSSSSSSSSSSSS
RRRPRRRPPPPPPSSSSSSSSSSSSSSSSSSS
RRRPRRRPRRRPRRRPRRRPRPRSPPPPSSSS
RRRPRRRPRRRPRRRPRPPPPPPPPPPSSSSS
RPRSPPPPPSSSSSSSSSSSSSSSSSSSSSSS
RRRPRRRPRRRPRRRPRRRPRPPPPPPSSSSS
RRRPRRRPRRRPRRRPRRRPRRRPRPRSSSSS
RRRPRPRSPPPPPPPPPPPSSSSSSSSSSSSS
RRRPPPPPPPPSSSSSSSSSSSSSSSSSSSSS
RRRPRRRPRRRPRRRPSSSSSSSSSSSSSSSS
RRRPRPRSPPPPPPPPPPPPPPPPPPPPPPSS
RPPPPPPPPPPPPPPPPPPPPPPSSSSSSSSS
RRRPRRRPRRRPRRRPRRRPRRRPRRRPPPSS
RRRPRRRPRRRPRRRPRRRPRRRPPPPSSSSS
RRRPRPRSPPSSSSSSSSSSSSSSSSSSSSSS
RRRPRRRPRPRSPPPSSSSSSSSSSSSSSSSS
RPPPPPPPPPPPPPPPPPPPPPPPPPPPPSSS
RRRPRRRPRRRPRRRPRPRSPPPPPPSSSSSS
RRRPRRRPRRRPRPPPPPSSSSSSSSSSSSSS
RRRPPPPPPPPPPSSSSSSSSSSSSSSSSSSS
RRRPRRRPRRRPRRRPRRRPRRRPRPPSSSSS
RRRPRRRPRRRPRPRSPPPPPPPPPSSSSSSS
RRRPRRRPRRRPRRRPRPPPPPPPPPPPPSSS
RRRPRRRPPPPSSSSSSSSSSSSSSSSSSSSS
RRRPRRRPRRRPRRRPRRRPRPRSPPPPPSSS
RRRPRPPPPPPPPPPPPPPPPPSSSSSSSSSS
RRRPRRRPRRRPRRRPRRRPRRRPRPPPPPPS
RRRPRRRPRPRSPPPPPPPPPPPPPPPPSSSS
RRRPRRRPRRRPRRRPRRRPRPRSPPPPPPSS
RRRPRRRPRRRPRRRPRPRSPPSSSSSSSSSS
RRRPRRRPRRRPRRRPRRRPPPPPPPSSSSSS
RRRPRRRPRRRPRRRPRRRPRRRPRPPPPPSS
RRRPRRRPRRRPRPRSPPPPPPPPPSSSSSSS
RRRPRRRPRPPPPPPSSSSSSSSSSSSSSSSS
RPRSPPPPPPPPPPPPPPPPSSSSSSSSSSSS
RRRPRRRPRRRPRRRPRRRPPPSSSSSSSSSS
RRRPRRRPRRRPRRRPRPRSPPPPSSSSSSSS
RRRPRPRSPPPPPPPSSSSSSSSSSSSSSSSS
RRRPRRRPRPRSPSSSSSSSSSSSSSSSSSSS
RRRPRRRPRRRPRRRPRRRPPPPSSSSSSSSS
RRRPRRRPRRRPRRRPRRRPPPPPPPPPPPSS
RRRPRRRPRRRPRRRPSSSSSSSSSSSSSSSS