SPYPYPPPPPPPRRRRPPPRRRRRRRRRRRRR
YYRRLYYYYRYLYRRRSLLYYLYYYRLYYRRR
SLRPPRPRRPRPRRPRPPLPRPRRRRPPRRRR
SLYLRPRRRRRRPRRRRRRRRPRRRRRRRRRR
SLYLLYRYLYRYRRRYPRRRRRRRRRRRRRRR
SPPRPPRRPYRRRRRRLYPPPPRRPPRRRRRR
PSPYYPRRPPRRRRRRSPPPPPRRPPSRPSSR
YYRRLYYYYRYLYRRRSLLYYLYYYRLYYRRR
SPPPPPRRPPRRRRRRSPPRPRRRPRRRRRRR
SLLYLYYYLYYRRYRRPLYRYRRRYRRRRRRR
LSSSPPPPSRPPRSSSSSSPRSSPRSSSSRPP
SLYPYYPRYYPYYPYPPYPYYYYYRRRRRRRR
RPPSLYPYPYRRLRRSYPYPRRRRRYYPRYSY
PSPYYYPPYYRPPRRRYSYPRRYYRRLYLRYR
SPPPPPRPPPPPRRRRPPYPRRRRRRRRRRRR
SSLSSSLYLLSYYSRSPPPLPYLRSRRYSRSP
LRRPSPRPRPRPRRSRPSPPPRRRPPRRRRRR
RPPPSPPPPPPPPPPPPPPPPPPPYPPPPPPP
YYRRLYYYYYYLYYRRSLYLLYYYYRLYYYYY
SLRPRYLYYRRRRYLYPRPYRRRRPYRRRRRR
SPRPRRRPRRRRRRRPLPRPYRRRPPPPPPPY
SSLYRPSRPYLRRSRRYPRRRRRRRRRRRRRR
PSRPPPRRPPRRRRRRSPRPRPRRPRRRRRRR
SLPYLYYYLYYYYYRRYLYYYYRRYYRRRRRR
SSSSSSYPYPYYYYPYYYYYYPYYYYSSYYYR
SPPPPPPPPPPPPPPPPPPPPPPRPRPRRYRY
SLLYRYLYRRRRRRPRRRRRRRRRRRRRRRRP
SPRPYLRYRYLYRRYRRRRPRRRYRRRRRRRR
SLLLYRLLLYYRRRRPRPRRRRRRRRRRRRRR
PSPPPPRSPPSRSRSRSPPPPPRRPRRRRRRR
YLSLPRLRRPRLRLRLPRLRRRSRRLRRLRRL
LSPYPYSRYPRSSRRSPYPYYPSRSSRSSRYR
SPYPPYPYYPPYPRYPPPPPRRRRRRRRRRRR
PYRRYYSRYRYLYLSSYRRRRRRRYRLLYRRR
PYRYSSYLYLYYYYLYYRRRYRLYYRYRRRRR
PPPPPPPSPPPRRSPPPPPPPPPPRRSPRRPS
SPLYYPYPPYPYYPPYYPPPPPPPYYYYRRRR
PSPPPPPPPPPSRSPPPLRLPLPPRSRLPPPP
SPYPPPPPPPPPRRRRPPPPRRRRRRRRRRRR
SLYLYLYRRRRPRRRRRPYRRRRRRRRRRRRR
SLLYLYYYLYYRRYRRPLYRYRRRYRRRRRRR
PSPPLLPPPPPPPPPPPPPPPPPPLLLRSPRS
LPPSPYPPPPRRRSRSSPPYPPYYPPPPSRPS
PSYPYPPPPPPPYYPSPPYYYYPSSPRLLRSP
SLYPPYRLPPLRRSLRPRRRRRRRRRRRRRRR
SLPPPPPLPPYYPPPPPPLPPPPPPPPPLYRR
SPPPPPRRPPRRSRPPPPRLLRRRRRRRRRRR
YLSSPPSSRPSRSLSRPLLLLLLLLLLLPRRR
PLPPPYSSPPPPPPPPPYLPPPPPSPPPPPSR
PPPPPPPPPPPPPPPPSPYPPPPPPPPPRYRY