SSRPPRSRRPSRRRRRSSPRPRRRPRRRRRRR
RRRRRRRRRRRRRRRPPSPSPRRRRRRPRRRR
SPRPLYYRRRPRRRRRRRRRRRRRPRRRRRRR
SLPYRYYLLRRYRYLYRRYRLYRYRRRRRYRR
PSPPPYRLPPRRRSYPPPRPRLRRRRRRRRRR
SPPPPPYYPPYYYYYYPPYYPPYYRPYYPPPP
YRLYYYYYYRYLYLSSYRRLRRLYRYRYLYYY
SLLYYLRYRRRRPRRRLYRYRRRPRRRRRRYR
YRLLLSLYYLYRLYSLLYYYYRRRYRRRLRRR
LYPPYYRPPYPYPSRRPYYYYPYYYYYPPYPS
LPPPPPSPPPRRRRSRYPPPPPPPPPRRRRRS
RYYRLLRYRPSSYLRYRRRRRRYRRRRRRRPR
SLPPYPRRRPLPPRRRPLPRPRRRPRRRRRRR
SLRPPRRPPRPPYRRRRRYRLPPPPPPPRRRR
SLPRPYRRLPRYPPPPPRLPPPRYPPPRRRRR
YPPSPPLRPPRLRRSRPPRLPPRRRRRRRRRR
LYSSYPSRPYSRRRRSSSPYYPRSPPYRSRSR
PSPPPPRSPPRRRRRSSPPRPPRRPPRRRRRR
RYPPPPPYYPSRPYLRPPRPYPYPYPLRPPPS
SLLLLLPRLPPRPRRRLPPRPRRRPRRRRRRR
YRRRYLYRYRYRRRRRRRYRYLRYSLYLRYLL
LSPYPYRRRSRPYRRRRRRSYSRRPRRRRRRR
LRPRSSPRPRRRRRRRPSPRPRRRRPRRRRRR
YLSLPRRSRPRSLSLRPLRLRLRLPRRRRRRR
YYPRLSYLYYRSYPRRYLYYRSYRRRRRRRYR
YPPSPPPPPPSRRLRSPPRSPSPPRSSRPPRL
YPSPPPPPPPLRLRLRPPLRRSPPPPRSRLRS
SPYPPYPPPYSRPRSRPYSRLRYPPYRPRLRP
SSLLPRRLRPRRRRRRRPRRRRRRRRRRRSSR
LPPRPSPSRRRRPRRRRRRPRRRRRRRRRRRR
LLRSRPRRPPSRLLSLPRRRRRRRRRRRRRRR
LSPPRPSRPRSRSRRSSSPSPPRRPRRRRRRR
SPPPYPPPPPPPPPPPPPPPPRPYYYYYRRRR
SLPRPRRRRRRRRRPRYPRRRRRRRRRRRRRR
SPPPYPPYPPPYPPYPPYPYYPPPYYRRRRRR
SLLYRPYRYLYRYRRRRRYRRRRPRRRRRRRR
YLSSLYYRLYYRLYYRRYRRRYYLYRYRRRRY
YPSSRPSSRRRRRPRRRRPRRRRRRRRRRRRR
PPPYYPYYPYYYPRRSPPPPPPPSPPPPSPRY
PSPPPLLLPPPLLPPLPPYPSPYSRLLPPLLR
SLLYPYRRRRPRRRRYRYLLRRRYRRRRRYRR
YPPSYPPYPPYYRSPYPPSPSPRSYPRPYRRS
SLPPPPRSPRSRLRRSRPRSLRRRRRRRRRRR
SLLYRRPRYLYRYRRRRRRRRRRPRRRRRRRR
LSPRRPRRPRPPRRRSSPPRPRRRPPRRRRRS
YYRRLYYYYRYLYRRRSLLYYLYYYRLYYRRR
YPRPPRLSPPSRPPRPPPPPSRRSLPPPPSRL
YPSSPPSRPPRSRSSRSPPPPPSRPPSRRRRR
SLYLRRRPRYRRYLRYRRRRRRRRRRRPRRRR
SPPYYPYPPYPYRPRRYPPPRRRRRRRRRRRR